This is pdfTeX, Version 3.14159265-2.6-1.40.15 (TeX Live 2014) (preloaded format=pdftex 2016.1.27)  6 MAY 2016 12:31
entering extended mode
 restricted \write18 enabled.
 %&-line parsing enabled.
**main.tex
(./main.tex
! Undefined control sequence.
l.1 \documentclass
                  {article}
? 
! Interruption.
<to be read again> 
                   {
l.1 \documentclass{
                   article}
? 
! Undefined control sequence.
l.2 \usepackage
               [utf8]{inputenc}
? 
! Interruption.
<to be read again> 
                   [
l.2 \usepackage[
                utf8]{inputenc}
? 
! Undefined control sequence.
l.3 \usepackage
               {graphicx}
? 
! Interruption.
<to be read again> 
                   {
l.3 \usepackage{
                graphicx}
? 
! Undefined control sequence.
l.4 \usepackage
               {amssymb}
? 
! Interruption.
<to be read again> 
                   {
l.4 \usepackage{
                amssymb}
? 
! Undefined control sequence.
l.5 \usepackage
               [top=3cm, bottom=3cm, left=3.5cm, right=3.5cm]{geometry}
? 
! Interruption.
<to be read again> 
                   [
l.5 \usepackage[
                top=3cm, bottom=3cm, left=3.5cm, right=3.5cm]{geometry}
? 
! Undefined control sequence.
l.7 \title
          {[LSINF1252] Syst√®me informatique : Fractales}
? 
! Interruption.
<to be read again> 
                   {
l.7 \title{
           [LSINF1252] Syst√®me informatique : Fractales}
? 
Missing character: There is no √ in font cmr10!
Missing character: There is no ® in font cmr10!
! Undefined control sequence.
l.8 \author
           {Julian Roussieau, Damien Vaneberck }
? 
! Interruption.
<to be read again> 
                   {
l.8 \author{
            Julian Roussieau, Damien Vaneberck }
? exir
No pages of output.
PDF statistics:
 0 PDF objects out of 1000 (max. 8388607)
 0 named destinations out of 1000 (max. 500000)
 1 words of extra memory for PDF output out of 10000 (max. 10000000)

